::1 - - [26/Apr/2025:10:46:57 +0000] "GET /incidents HTTP/1.1" 200 430 "-" "PostmanRuntime/7.43.3"
::1 - - [26/Apr/2025:10:47:10 +0000] "GET /incidents/2 HTTP/1.1" 200 143 "-" "PostmanRuntime/7.43.3"
::1 - - [26/Apr/2025:10:47:16 +0000] "GET /incidents/5 HTTP/1.1" 404 30 "-" "PostmanRuntime/7.43.3"
::1 - - [26/Apr/2025:11:04:42 +0000] "GET /incidents HTTP/1.1" 200 430 "-" "PostmanRuntime/7.43.3"
::1 - - [26/Apr/2025:11:04:44 +0000] "GET /incidents HTTP/1.1" 200 430 "-" "PostmanRuntime/7.43.3"
::1 - - [26/Apr/2025:11:04:45 +0000] "GET /incidents HTTP/1.1" 200 430 "-" "PostmanRuntime/7.43.3"
::1 - - [26/Apr/2025:11:04:47 +0000] "GET /incidents HTTP/1.1" 200 430 "-" "PostmanRuntime/7.43.3"
::1 - - [26/Apr/2025:11:04:48 +0000] "GET /incidents HTTP/1.1" 200 430 "-" "PostmanRuntime/7.43.3"
::1 - - [26/Apr/2025:11:04:50 +0000] "GET /incidents HTTP/1.1" 429 42 "-" "PostmanRuntime/7.43.3"
::1 - - [26/Apr/2025:11:20:40 +0000] "GET /incidents HTTP/1.1" 200 430 "-" "PostmanRuntime/7.43.3"
::1 - - [27/Apr/2025:05:54:48 +0000] "GET /incidents HTTP/1.1" 200 430 "-" "PostmanRuntime/7.43.3"
::1 - - [27/Apr/2025:05:54:57 +0000] "GET /incidents/1 HTTP/1.1" 200 141 "-" "PostmanRuntime/7.43.3"
::1 - - [27/Apr/2025:05:55:06 +0000] "DELETE /incidents/3 HTTP/1.1" 200 43 "-" "PostmanRuntime/7.43.3"
::1 - - [27/Apr/2025:05:55:10 +0000] "DELETE /incidents/3 HTTP/1.1" 204 - "-" "PostmanRuntime/7.43.3"
::1 - - [27/Apr/2025:06:12:54 +0000] "DELETE /incidents/3 HTTP/1.1" 204 - "-" "PostmanRuntime/7.43.3"
::1 - - [27/Apr/2025:06:13:20 +0000] "DELETE /incidents/3 HTTP/1.1" 204 - "-" "PostmanRuntime/7.43.3"
::1 - - [27/Apr/2025:07:11:23 +0000] "GET /incidents/1 HTTP/1.1" 200 141 "-" "PostmanRuntime/7.43.3"
::1 - - [01/Jun/2025:04:45:20 +0000] "GET /incidents HTTP/1.1" 200 2 "-" "PostmanRuntime/7.44.0"
::1 - - [01/Jun/2025:04:45:32 +0000] "POST /incidents HTTP/1.1" 201 122 "-" "PostmanRuntime/7.44.0"
::1 - - [01/Jun/2025:04:45:38 +0000] "GET /incidents HTTP/1.1" 200 124 "-" "PostmanRuntime/7.44.0"
::1 - - [19/Jun/2025:08:17:45 +0000] "POST /incidents HTTP/1.1" 400 23 "-" "PostmanRuntime/7.44.0"
::1 - - [19/Jun/2025:08:17:50 +0000] "GET /incidents HTTP/1.1" 200 124 "-" "PostmanRuntime/7.44.0"
::1 - - [19/Jun/2025:08:18:01 +0000] "GET /incidents HTTP/1.1" 200 124 "-" "PostmanRuntime/7.44.0"
::1 - - [19/Jun/2025:08:18:21 +0000] "POST /incidents HTTP/1.1" 201 150 "-" "PostmanRuntime/7.44.0"
::1 - - [19/Jun/2025:08:18:28 +0000] "GET /incidents HTTP/1.1" 200 275 "-" "PostmanRuntime/7.44.0"
::1 - - [19/Jun/2025:08:18:33 +0000] "GET /incidents/2 HTTP/1.1" 200 150 "-" "PostmanRuntime/7.44.0"
::1 - - [19/Jun/2025:08:45:57 +0000] "GET / HTTP/1.1" 200 33 "-" "Mozilla/5.0 (Windows NT 10.0; Win64; x64) AppleWebKit/537.36 (KHTML, like Gecko) Chrome/137.0.0.0 Safari/537.36"
::1 - - [19/Jun/2025:08:45:57 +0000] "GET /favicon.ico HTTP/1.1" 404 150 "http://localhost:5000/" "Mozilla/5.0 (Windows NT 10.0; Win64; x64) AppleWebKit/537.36 (KHTML, like Gecko) Chrome/137.0.0.0 Safari/537.36"
::1 - - [19/Jun/2025:08:46:29 +0000] "GET /incidents/2 HTTP/1.1" 200 150 "-" "PostmanRuntime/7.44.1"
::1 - - [19/Jun/2025:08:51:03 +0000] "GET /register HTTP/1.1" 404 147 "-" "PostmanRuntime/7.44.1"
::1 - - [19/Jun/2025:08:51:09 +0000] "POST /register HTTP/1.1" 500 31 "-" "PostmanRuntime/7.44.1"
::1 - - [19/Jun/2025:08:57:26 +0000] "GET /incidents HTTP/1.1" 200 275 "-" "PostmanRuntime/7.44.1"
::1 - - [19/Jun/2025:08:57:37 +0000] "POST /register HTTP/1.1" 201 42 "-" "PostmanRuntime/7.44.1"
::1 - - [19/Jun/2025:08:59:44 +0000] "POST /login HTTP/1.1" 200 183 "-" "PostmanRuntime/7.44.1"
::1 - - [19/Jun/2025:09:02:18 +0000] "GET /incidents HTTP/1.1" 200 275 "-" "PostmanRuntime/7.44.1"
::1 - - [19/Jun/2025:09:04:03 +0000] "GET /incidents HTTP/1.1" 401 29 "-" "PostmanRuntime/7.44.1"
::1 - - [19/Jun/2025:09:04:12 +0000] "POST /incidents HTTP/1.1" 401 29 "-" "PostmanRuntime/7.44.1"
::1 - - [19/Jun/2025:09:04:21 +0000] "GET /incidents/2 HTTP/1.1" 401 29 "-" "PostmanRuntime/7.44.1"
::1 - - [19/Jun/2025:09:04:31 +0000] "GET /incidents/2 HTTP/1.1" 200 150 "-" "PostmanRuntime/7.44.1"
::1 - - [19/Jun/2025:09:04:42 +0000] "DELETE /incidents/2 HTTP/1.1" 200 43 "-" "PostmanRuntime/7.44.1"
::1 - - [19/Jun/2025:09:04:49 +0000] "GET /incidents HTTP/1.1" 200 124 "-" "PostmanRuntime/7.44.1"
::1 - - [19/Jun/2025:09:05:39 +0000] "POST /incidents/register HTTP/1.1" 404 158 "-" "PostmanRuntime/7.44.1"
::1 - - [19/Jun/2025:09:06:20 +0000] "POST /incidents/register HTTP/1.1" 404 158 "-" "PostmanRuntime/7.44.1"
::1 - - [19/Jun/2025:09:06:29 +0000] "POST /incidents/register HTTP/1.1" 404 158 "-" "PostmanRuntime/7.44.1"
::1 - - [19/Jun/2025:09:06:47 +0000] "POST /register HTTP/1.1" 201 42 "-" "PostmanRuntime/7.44.1"
::1 - - [19/Jun/2025:09:07:38 +0000] "POST /login HTTP/1.1" 200 183 "-" "PostmanRuntime/7.44.1"
::1 - - [19/Jun/2025:09:08:03 +0000] "POST /inci HTTP/1.1" 403 25 "-" "PostmanRuntime/7.44.1"
::1 - - [19/Jun/2025:09:08:08 +0000] "GET /incidents/2 HTTP/1.1" 403 25 "-" "PostmanRuntime/7.44.1"
::1 - - [19/Jun/2025:09:08:14 +0000] "GET /incidents/2 HTTP/1.1" 404 30 "-" "PostmanRuntime/7.44.1"
::1 - - [19/Jun/2025:09:08:19 +0000] "GET /incidents HTTP/1.1" 200 124 "-" "PostmanRuntime/7.44.1"
